[debug] [2025-07-09T15:03:34.076Z] ----------------------------------------------------------------------
[debug] [2025-07-09T15:03:34.078Z] Command:       C:\Program Files\nodejs\node.exe C:\Users\asmim\AppData\Roaming\npm\node_modules\firebase-tools\lib\bin\firebase.js init
[debug] [2025-07-09T15:03:34.078Z] CLI Version:   14.9.0
[debug] [2025-07-09T15:03:34.078Z] Platform:      win32
[debug] [2025-07-09T15:03:34.078Z] Node Version:  v22.14.0
[debug] [2025-07-09T15:03:34.078Z] Time:          Wed Jul 09 2025 20:33:34 GMT+0530 (India Standard Time)
[debug] [2025-07-09T15:03:34.079Z] ----------------------------------------------------------------------
[debug] 
[debug] [2025-07-09T15:03:34.083Z] > command requires scopes: ["email","openid","https://www.googleapis.com/auth/cloudplatformprojects.readonly","https://www.googleapis.com/auth/firebase","https://www.googleapis.com/auth/cloud-platform"]
[debug] [2025-07-09T15:03:34.083Z] > authorizing via signed-in user (asmimohan612@gmail.com)
[info] 
     ######## #### ########  ######## ########     ###     ######  ########
     ##        ##  ##     ## ##       ##     ##  ##   ##  ##       ##
     ######    ##  ########  ######   ########  #########  ######  ######
     ##        ##  ##    ##  ##       ##     ## ##     ##       ## ##
     ##       #### ##     ## ######## ########  ##     ##  ######  ########

You're about to initialize a Firebase project in this directory:

  C:\Users\asmim\New folder (5)

[info] 
=== Project Setup
[info] 
[info] First, let's associate this project directory with a Firebase project.
[info] You can create multiple project aliases by running firebase use --add, 
[info] but for now we'll just set up a default project.
[info] 
[debug] [2025-07-09T15:05:34.644Z] Checked if tokens are valid: true, expires at: 1752076867404
[debug] [2025-07-09T15:05:34.644Z] Checked if tokens are valid: true, expires at: 1752076867404
[debug] [2025-07-09T15:05:34.646Z] >>> [apiv2][query] GET https://firebase.googleapis.com/v1beta1/availableProjects pageSize=100
[debug] [2025-07-09T15:05:35.539Z] <<< [apiv2][status] GET https://firebase.googleapis.com/v1beta1/availableProjects 200
[debug] [2025-07-09T15:05:35.540Z] <<< [apiv2][body] GET https://firebase.googleapis.com/v1beta1/availableProjects [omitted]
